<?xml version="1.0" encoding="UTF-8"?>
<testng-results ignored="0" total="1" passed="1" failed="0" skipped="0">
  <reporter-output>
  </reporter-output>
  <suite started-at="2026-06-24T00:18:02 IST" name="Default suite" finished-at="2026-06-24T00:18:05 IST" duration-ms="3261">
    <groups>
    </groups>
    <test started-at="2026-06-24T00:18:02 IST" name="Default test" finished-at="2026-06-24T00:18:05 IST" duration-ms="3261">
      <class name="com.saucedemo.SeleniumTestNGFramework.tests.LoginTest">
        <test-method is-config="true" signature="setup()[pri:0, instance:com.saucedemo.SeleniumTestNGFramework.tests.LoginTest@4802796d]" started-at="2026-06-24T00:18:02 IST" name="setup" finished-at="2026-06-24T00:18:05 IST" duration-ms="2549" status="PASS">
          <reporter-output>
          </reporter-output>
        </test-method> <!-- setup -->
        <test-method is-config="true" signature="initpage()[pri:0, instance:com.saucedemo.SeleniumTestNGFramework.tests.LoginTest@4802796d]" started-at="2026-06-24T00:18:05 IST" name="initpage" finished-at="2026-06-24T00:18:05 IST" duration-ms="29" status="PASS">
          <reporter-output>
          </reporter-output>
        </test-method> <!-- initpage -->
        <test-method signature="verifyLogin()[pri:0, instance:com.saucedemo.SeleniumTestNGFramework.tests.LoginTest@4802796d]" started-at="2026-06-24T00:18:05 IST" name="verifyLogin" finished-at="2026-06-24T00:18:05 IST" duration-ms="432" status="PASS">
          <reporter-output>
          </reporter-output>
        </test-method> <!-- verifyLogin -->
        <test-method is-config="true" signature="tearDown()[pri:0, instance:com.saucedemo.SeleniumTestNGFramework.tests.LoginTest@4802796d]" started-at="2026-06-24T00:18:05 IST" name="tearDown" finished-at="2026-06-24T00:18:05 IST" duration-ms="186" status="PASS">
          <reporter-output>
          </reporter-output>
        </test-method> <!-- tearDown -->
      </class> <!-- com.saucedemo.SeleniumTestNGFramework.tests.LoginTest -->
    </test> <!-- Default test -->
  </suite> <!-- Default suite -->
</testng-results>
