<?xml version="1.0" encoding="UTF-8"?>
<!-- Generated by org.testng.reporters.JUnitXMLReporter -->
<testsuite ignored="6" hostname="DESKTOP-9RE8F52" failures="0" tests="1" name="Default test" time="3.261" errors="0" timestamp="2026-06-24T00:18:05 IST">
  <testcase classname="com.saucedemo.SeleniumTestNGFramework.tests.LoginTest" name="verifyLogin" time="0.432"/>
  <testcase classname="com.saucedemo.SeleniumTestNGFramework.tests.LoginTest" name="verifyLoginWithInvalidUsernameAndPassword" time="0.0">
    <ignored/>
  </testcase> <!-- verifyLoginWithInvalidUsernameAndPassword -->
  <testcase classname="com.saucedemo.SeleniumTestNGFramework.tests.LoginTest" name="verifyLoginWithInvalidUsername" time="0.0">
    <ignored/>
  </testcase> <!-- verifyLoginWithInvalidUsername -->
  <testcase classname="com.saucedemo.SeleniumTestNGFramework.tests.LoginTest" name="verifyLoginWithBlankUsername" time="0.0">
    <ignored/>
  </testcase> <!-- verifyLoginWithBlankUsername -->
  <testcase classname="com.saucedemo.SeleniumTestNGFramework.tests.LoginTest" name="verifyLoginWithBlankUsernameAndPassword" time="0.0">
    <ignored/>
  </testcase> <!-- verifyLoginWithBlankUsernameAndPassword -->
  <testcase classname="com.saucedemo.SeleniumTestNGFramework.tests.LoginTest" name="verifyLoginWithBlankPassword" time="0.0">
    <ignored/>
  </testcase> <!-- verifyLoginWithBlankPassword -->
  <testcase classname="com.saucedemo.SeleniumTestNGFramework.tests.LoginTest" name="verifyLoginWithInvalidpassword" time="0.0">
    <ignored/>
  </testcase> <!-- verifyLoginWithInvalidpassword -->
</testsuite> <!-- Default test -->
