<?xml version="1.0" encoding="UTF-8"?>
<!-- Generated by org.testng.reporters.JUnitXMLReporter -->
<testsuite ignored="0" hostname="DESKTOP-9RE8F52" failures="0" tests="7" name="Default test" time="20.446" errors="0" timestamp="2026-06-09T23:03:30 IST">
  <testcase classname="com.saucedemo.SeleniumTestNGFramework.tests.LoginTest" name="verifyLogin" time="0.566"/>
  <testcase classname="com.saucedemo.SeleniumTestNGFramework.tests.LoginTest" name="verifyLoginWithBlankPassword" time="1.121"/>
  <testcase classname="com.saucedemo.SeleniumTestNGFramework.tests.LoginTest" name="verifyLoginWithBlankUsername" time="0.566"/>
  <testcase classname="com.saucedemo.SeleniumTestNGFramework.tests.LoginTest" name="verifyLoginWithBlankUsernameAndPassword" time="0.472"/>
  <testcase classname="com.saucedemo.SeleniumTestNGFramework.tests.LoginTest" name="verifyLoginWithInvalidUsername" time="0.48"/>
  <testcase classname="com.saucedemo.SeleniumTestNGFramework.tests.LoginTest" name="verifyLoginWithInvalidUsernameAndPassword" time="0.516"/>
  <testcase classname="com.saucedemo.SeleniumTestNGFramework.tests.LoginTest" name="verifyLoginWithInvalidpassword" time="0.865"/>
</testsuite> <!-- Default test -->
