<?xml version="1.0" encoding="UTF-8"?>
<!-- Generated by org.testng.reporters.JUnitReportReporter -->
<testsuite hostname="DESKTOP-9RE8F52" failures="0" tests="7" name="com.saucedemo.SeleniumTestNGFramework.tests.LoginTest" time="20.357" errors="0" timestamp="2026-06-09T23:03:30 IST" skipped="0">
  <testcase classname="com.saucedemo.SeleniumTestNGFramework.tests.LoginTest" name="verifyLoginWithInvalidpassword" time="3.288"/>
  <testcase classname="com.saucedemo.SeleniumTestNGFramework.tests.LoginTest" name="verifyLoginWithBlankUsername" time="2.483"/>
  <testcase classname="com.saucedemo.SeleniumTestNGFramework.tests.LoginTest" name="verifyLoginWithInvalidUsernameAndPassword" time="1.899"/>
  <testcase classname="com.saucedemo.SeleniumTestNGFramework.tests.LoginTest" name="verifyLoginWithBlankPassword" time="3.635"/>
  <testcase classname="com.saucedemo.SeleniumTestNGFramework.tests.LoginTest" name="verifyLoginWithBlankUsernameAndPassword" time="4.015"/>
  <testcase classname="com.saucedemo.SeleniumTestNGFramework.tests.LoginTest" name="verifyLogin" time="2.630"/>
  <testcase classname="com.saucedemo.SeleniumTestNGFramework.tests.LoginTest" name="verifyLoginWithInvalidUsername" time="2.407"/>
</testsuite> <!-- com.saucedemo.SeleniumTestNGFramework.tests.LoginTest -->
